[ektechnologies-soutions.b12sites.com/index.html]
[backblue.gif]
[fade.gif]
[index.html]
[code.jquery.com/jquery-3.3.1.min.js]
[ektechnologies-soutions.b12sites.com/index-2.html]
[ektechnologies-soutions.b12sites.com/assets/fonts/ptserif-cyrillic-ext-normal-400.woff2]
[ektechnologies-soutions.b12sites.com/assets/fonts/ptserif-cyrillic-normal-400.woff2]
[ektechnologies-soutions.b12sites.com/assets/fonts/ptserif-latin-ext-normal-400.woff2]
[ektechnologies-soutions.b12sites.com/assets/fonts/ptserif-latin-normal-400.woff2]
[ektechnologies-soutions.b12sites.com/assets/fonts/poppins-latin-ext-normal-400.woff2]
[ektechnologies-soutions.b12sites.com/assets/fonts/poppins-latin-normal-400.woff2]
[ektechnologies-soutions.b12sites.com/assets/fonts/poppins-latin-ext-normal-600.woff2]
[ektechnologies-soutions.b12sites.com/assets/fonts/poppins-latin-normal-600.woff2]
[ektechnologies-soutions.b12sites.com/assets/fonts/poppins-latin-ext-normal-700.woff2]
[ektechnologies-soutions.b12sites.com/assets/fonts/poppins-latin-normal-700.woff2]
[ektechnologies-soutions.b12sites.com/assets/fonts/fontawesome-webfont-674f50d287a8c48dc19ba404d20fe713.eot]
[ektechnologies-soutions.b12sites.com/assets/fonts/fontawesome-webfont-674f50d287a8c48dc19ba404d20fe713d41d.eot]
[ektechnologies-soutions.b12sites.com/assets/fonts/fontawesome-webfont-fee66e712a8a08eef5805a46892932ad.1c.delayed]
[ektechnologies-soutions.b12sites.com/assets/fonts/fontawesome-webfont-fee66e712a8a08eef5805a46892932ad.woff]
[ektechnologies-soutions.b12sites.com/assets/fonts/fontawesome-webfont-b06871f281fee6b241d60582ae9369b9.ttf]
[ektechnologies-soutions.b12sites.com/assets/fonts/fontawesome-webfont-912ec66d7572ff821749319396470bde.svg]
[ektechnologies-soutions.b12sites.com/assets/fonts/ajax-loader-c5cd7f5300576ab4c88202b42f6ded62.gif]
[ektechnologies-soutions.b12sites.com/assets/fonts/slick-ced611daf7709cc778da928fec876475.eot]
[ektechnologies-soutions.b12sites.com/assets/fonts/slick-ced611daf7709cc778da928fec876475d41d.eot]
[ektechnologies-soutions.b12sites.com/assets/fonts/slick-b7c9e1e479de3b53f1e4e30ebac2403a.woff]
[ektechnologies-soutions.b12sites.com/assets/fonts/slick-d41f55a78e6f49a5512878df1737e58a.ttf]
[ektechnologies-soutions.b12sites.com/assets/fonts/slick-f97e3bbf73254b0112091d0192f17aec.svg]
[ektechnologies-soutions.b12sites.com/window.30.delayed]
[cdn.b12.io/client_media/aTC6cMIL/5219ccb2-03de-11f0-ae95-0242ac110002-jpg-hero_image.jpg]
[cdn.b12.io/media/1a99f49e-3cb5-11e8-bbb9-0242ac11000f-jpg-hero_image.jpg]
[cdn.b12.io/media/19d08abe-3cb5-11e8-bbb9-0242ac11000f-jpg-regular_image.jpg]
[cdn.b12.io/media/64969328-3cc3-11e8-9f69-0242ac11000f-jpg-hero_image.jpg]
[cdn.b12.io/media/63f5b7f0-3cc3-11e8-9f69-0242ac11000f-jpg-regular_image.jpg]
[cdn.b12.io/media/e939abd4-3cc2-11e8-9f69-0242ac11000f-jpg-hero_image.jpg]
[cdn.b12.io/media/e8daf38c-3cc2-11e8-9f69-0242ac11000f-jpg-regular_image.jpg]
[cdn.b12.io/client_media/aTC6cMIL/e3696288-03dc-11f0-83af-0242ac110002-jpg-hero_image.jpg]
[ektechnologies-soutions.b12sites.com/web-development.html]
[cdn.b12.io/client_media/aTC6cMIL/e60c4fe6-03dc-11f0-83af-0242ac110002-jpg-hero_image.jpg]
[cdn.b12.io/client_media/aTC6cMIL/e61aeba0-03dc-11f0-83af-0242ac110002-jpg-regular_image.jpg]
[ektechnologies-soutions.b12sites.com/cybersecurity-solutions.html]
[cdn.b12.io/client_media/aTC6cMIL/e5913b12-03dc-11f0-83af-0242ac110002-jpg-hero_image.jpg]
[cdn.b12.io/client_media/aTC6cMIL/e5abf880-03dc-11f0-83af-0242ac110002-jpg-regular_image.jpg]
[ektechnologies-soutions.b12sites.com/tech-consulting.html]
[cdn.b12.io/client_media/aTC6cMIL/e5df17ce-03dc-11f0-83af-0242ac110002-jpg-hero_image.jpg]
[cdn.b12.io/client_media/aTC6cMIL/e5ea5a6c-03dc-11f0-83af-0242ac110002-jpg-regular_image.jpg]
[ektechnologies-soutions.b12sites.com/assets/bundle-26df06bbde665912c7803cd668f15047.js]
[ektechnologies-soutions.b12sites.com/scheduling.html]
[cdn.b12.io/prod_traffic/global.js]
[ektechnologies-soutions.b12sites.com/intake-form.html]
[www.google.com/recaptcha/apifb47.js]
[ektechnologies-soutions.b12sites.com/index.html]
[ektechnologies-soutions.b12sites.com/index-2.html]
[ektechnologies-soutions.b12sites.com/assets/fonts/fontawesome-webfont-fee66e712a8a08eef5805a46892932ad.html]
[ektechnologies-soutions.b12sites.com/assets/fonts/fontawesome-webfont-912ec66d7572ff821749319396470bde.svg]
[ektechnologies-soutions.b12sites.com/assets/fonts/slick-f97e3bbf73254b0112091d0192f17aec.svg]
[ektechnologies-soutions.b12sites.com/window.html]
[ektechnologies-soutions.b12sites.com/web-development.html]
[ektechnologies-soutions.b12sites.com/cybersecurity-solutions.html]
[ektechnologies-soutions.b12sites.com/tech-consulting.html]
[ektechnologies-soutions.b12sites.com/scheduling.html]
[ektechnologies-soutions.b12sites.com/intake-form.html]
